<?xml version="1.0" encoding="UTF-8"?>
<testsuite xmlns:xsi="http://www.w3.org/2001/XMLSchema-instance" xsi:noNamespaceSchemaLocation="https://maven.apache.org/surefire/maven-surefire-plugin/xsd/surefire-test-report.xsd" version="3.0.2" name="com.SpringBootDemoMvcjpaProductManageSystem1ApplicationTests" time="25.667" tests="1" errors="0" skipped="0" failures="0">
  <properties>
[...]
</properties>
  <testcase name="contextLoads" classname="com.SpringBootDemoMvcjpaProductManageSystem1ApplicationTests" time="1.504">
    <system-out><![CDATA[00:00:00.780 [main] INFO org.springframework.test.context.support.AnnotationConfigContextLoaderUtils -- Could not detect default configuration classes for test class [com.SpringBootDemoMvcjpaProductManageSystem1ApplicationTests]: SpringBootDemoMvcjpaProductManageSystem1ApplicationTests does not declare any static, non-private, non-final, nested classes annotated with @Configuration.
00:00:01.513 [main] INFO org.springframework.boot.test.context.SpringBootTestContextBootstrapper -- Found @SpringBootConfiguration com.SpringBootDemoMvcjpaProductManageSystem1Application for test class com.SpringBootDemoMvcjpaProductManageSystem1ApplicationTests

  .   ____          _            __ _ _
 /\\ / ___'_ __ _ _(_)_ __  __ _ \ \ \ \
( ( )\___ | '_ | '_| | '_ \/ _` | \ \ \ \
 \\/  ___)| |_)| | | | | || (_| |  ) ) ) )
  '  |____| .__|_| |_|_| |_\__, | / / / /
 =========|_|==============|___/=/_/_/_/

 :: Spring Boot ::               (v3.5.10)

2026-03-16T00:00:04.129+05:30  INFO 1136 --- [SpringBootDemoMVCJPAProductManageSystem-1] [           main] cjpaProductManageSystem1ApplicationTests : Starting SpringBootDemoMvcjpaProductManageSystem1ApplicationTests using Java 17.0.10 with PID 1136 (started by Prathamesh Kadam in F:\STUDY\SEED\WCDDemos\SpringBoot\SpringBootDemoMVCJPAProductManageSystem-1)
2026-03-16T00:00:04.135+05:30  INFO 1136 --- [SpringBootDemoMVCJPAProductManageSystem-1] [           main] cjpaProductManageSystem1ApplicationTests : No active profile set, falling back to 1 default profile: "default"
2026-03-16T00:00:09.862+05:30  INFO 1136 --- [SpringBootDemoMVCJPAProductManageSystem-1] [           main] .s.d.r.c.RepositoryConfigurationDelegate : Bootstrapping Spring Data JPA repositories in DEFAULT mode.
2026-03-16T00:00:10.632+05:30  INFO 1136 --- [SpringBootDemoMVCJPAProductManageSystem-1] [           main] .s.d.r.c.RepositoryConfigurationDelegate : Finished Spring Data repository scanning in 710 ms. Found 2 JPA repository interfaces.
2026-03-16T00:00:13.086+05:30  INFO 1136 --- [SpringBootDemoMVCJPAProductManageSystem-1] [           main] com.zaxxer.hikari.HikariDataSource       : HikariPool-1 - Starting...
2026-03-16T00:00:14.280+05:30  INFO 1136 --- [SpringBootDemoMVCJPAProductManageSystem-1] [           main] com.zaxxer.hikari.pool.HikariPool        : HikariPool-1 - Added connection conn0: url=jdbc:h2:mem:productTable user=SA
2026-03-16T00:00:14.288+05:30  INFO 1136 --- [SpringBootDemoMVCJPAProductManageSystem-1] [           main] com.zaxxer.hikari.HikariDataSource       : HikariPool-1 - Start completed.
2026-03-16T00:00:14.596+05:30  INFO 1136 --- [SpringBootDemoMVCJPAProductManageSystem-1] [           main] o.hibernate.jpa.internal.util.LogHelper  : HHH000204: Processing PersistenceUnitInfo [name: default]
2026-03-16T00:00:14.879+05:30  INFO 1136 --- [SpringBootDemoMVCJPAProductManageSystem-1] [           main] org.hibernate.Version                    : HHH000412: Hibernate ORM core version 6.6.41.Final
2026-03-16T00:00:15.053+05:30  INFO 1136 --- [SpringBootDemoMVCJPAProductManageSystem-1] [           main] o.h.c.internal.RegionFactoryInitiator    : HHH000026: Second-level cache disabled
2026-03-16T00:00:16.440+05:30  INFO 1136 --- [SpringBootDemoMVCJPAProductManageSystem-1] [           main] o.s.o.j.p.SpringPersistenceUnitInfo      : No LoadTimeWeaver setup: ignoring JPA class transformer
2026-03-16T00:00:16.774+05:30  INFO 1136 --- [SpringBootDemoMVCJPAProductManageSystem-1] [           main] org.hibernate.orm.connections.pooling    : HHH10001005: Database info:
	Database JDBC URL [Connecting through datasource 'HikariDataSource (HikariPool-1)']
	Database driver: undefined/unknown
	Database version: 2.3.232
	Autocommit mode: undefined/unknown
	Isolation level: undefined/unknown
	Minimum pool size: undefined/unknown
	Maximum pool size: undefined/unknown
2026-03-16T00:00:20.203+05:30  INFO 1136 --- [SpringBootDemoMVCJPAProductManageSystem-1] [           main] o.h.e.t.j.p.i.JtaPlatformInitiator       : HHH000489: No JTA platform available (set 'hibernate.transaction.jta.platform' to enable JTA platform integration)
2026-03-16T00:00:20.336+05:30  INFO 1136 --- [SpringBootDemoMVCJPAProductManageSystem-1] [           main] j.LocalContainerEntityManagerFactoryBean : Initialized JPA EntityManagerFactory for persistence unit 'default'
2026-03-16T00:00:21.442+05:30  WARN 1136 --- [SpringBootDemoMVCJPAProductManageSystem-1] [           main] JpaBaseConfiguration$JpaWebConfiguration : spring.jpa.open-in-view is enabled by default. Therefore, database queries may be performed during view rendering. Explicitly configure spring.jpa.open-in-view to disable this warning
2026-03-16T00:00:22.630+05:30  WARN 1136 --- [SpringBootDemoMVCJPAProductManageSystem-1] [           main] .s.s.UserDetailsServiceAutoConfiguration : 

Using generated security password: b0ffaa88-fc85-4d33-bcaa-d3a1a517ba4c

This generated password is for development use only. Your security configuration must be updated before running your application in production.

2026-03-16T00:00:22.661+05:30  INFO 1136 --- [SpringBootDemoMVCJPAProductManageSystem-1] [           main] r$InitializeUserDetailsManagerConfigurer : Global AuthenticationManager configured with UserDetailsService bean with name inMemoryUserDetailsManager
2026-03-16T00:00:23.920+05:30  INFO 1136 --- [SpringBootDemoMVCJPAProductManageSystem-1] [           main] o.s.b.a.h2.H2ConsoleAutoConfiguration    : H2 console available at '/h2-console'. Database available at 'jdbc:h2:mem:productTable'
2026-03-16T00:00:24.291+05:30  INFO 1136 --- [SpringBootDemoMVCJPAProductManageSystem-1] [           main] cjpaProductManageSystem1ApplicationTests : Started SpringBootDemoMvcjpaProductManageSystem1ApplicationTests in 21.727 seconds (process running for 26.612)
]]></system-out>
  </testcase>
</testsuite>